\BOOKMARK [0][]{chapter.2}{1 Introduction}{}% 1
\BOOKMARK [1][]{section.3}{1.1 Motivation}{chapter.2}% 2
\BOOKMARK [1][]{section.4}{1.2 Problem Description}{chapter.2}% 3
\BOOKMARK [1][]{section.9}{1.3 Objectives}{chapter.2}% 4
\BOOKMARK [0][]{chapter.14}{2 Background}{}% 5
\BOOKMARK [1][]{section.15}{2.1 Deep Learning}{chapter.14}% 6
\BOOKMARK [2][]{subsection.16}{2.1.1 Convolutional Neural Networks}{section.15}% 7
\BOOKMARK [1][]{section.18}{2.2 Image Processing}{chapter.14}% 8
\BOOKMARK [2][]{subsection.19}{2.2.1 Object Detection}{section.18}% 9
\BOOKMARK [2][]{subsection.21}{2.2.2 Commonly Used Metrics}{section.18}% 10
\BOOKMARK [2][]{subsection.23}{2.2.3 Multiple Object Tracking}{section.18}% 11
\BOOKMARK [1][]{section.24}{2.3 Knowledge Representation and Reasoning}{chapter.14}% 12
\BOOKMARK [2][]{subsection.25}{2.3.1 Answer Set Programming}{section.24}% 13
\BOOKMARK [2][]{subsection.29}{2.3.2 The Action Language AL}{section.24}% 14
\BOOKMARK [2][]{subsection.36}{2.3.3 Symbolic Rule Learning}{section.24}% 15
\BOOKMARK [0][]{chapter.40}{3 Related Work}{}% 16
\BOOKMARK [1][]{section.41}{3.1 Datasets for VideoQA}{chapter.40}% 17
\BOOKMARK [1][]{section.43}{3.2 VideoQA Implementations}{chapter.40}% 18
\BOOKMARK [1][]{section.45}{3.3 External Knowledge for VQA}{chapter.40}% 19
\BOOKMARK [0][]{chapter.46}{4 Project Plan}{}% 20
\BOOKMARK [0][]{chapter*.47}{Bibliography}{}% 21
\BOOKMARK [0][]{Appendix.48}{Appendix A ASP encoding of AL}{}% 22
